<?xml version="1.0" encoding="UTF-8"?>
<testng-results skipped="0" failed="0" ignored="0" total="2" passed="2">
  <reporter-output>
  </reporter-output>
  <suite name="Suite" duration-ms="49447" started-at="2022-01-09T21:00:37 GMT" finished-at="2022-01-09T21:01:26 GMT">
    <groups>
    </groups>
    <test name="Test" duration-ms="49447" started-at="2022-01-09T21:00:37 GMT" finished-at="2022-01-09T21:01:26 GMT">
      <class name="squad.Case">
        <test-method status="PASS" signature="TestNGmethod()[pri:0, instance:squad.Case@27d415d9]" name="TestNGmethod" duration-ms="22063" started-at="2022-01-09T21:00:37 GMT" finished-at="2022-01-09T21:00:59 GMT">
          <reporter-output>
          </reporter-output>
        </test-method> <!-- TestNGmethod -->
      </class> <!-- squad.Case -->
      <class name="squad.Ecommerce_tc_4">
        <test-method status="PASS" signature="totalValidation()[pri:0, instance:squad.Ecommerce_tc_4@10d59286]" name="totalValidation" duration-ms="27335" started-at="2022-01-09T21:00:59 GMT" finished-at="2022-01-09T21:01:26 GMT">
          <reporter-output>
          </reporter-output>
        </test-method> <!-- totalValidation -->
      </class> <!-- squad.Ecommerce_tc_4 -->
    </test> <!-- Test -->
  </suite> <!-- Suite -->
</testng-results>
